The system is: Linux - 2.6.32-573.18.1.el6.x86_64 - x86_64
Compiling the C compiler identification source file "CMakeCCompilerId.c" succeeded.
Compiler: /usr/bin/cc 
Build flags: 
Id flags: 

The output was:
0


Compilation of the C compiler identification source "CMakeCCompilerId.c" produced "a.out"

The C compiler identification is GNU, found in "/home/panghao/redis/consumer/build/CMakeFiles/2.8.12.2/CompilerIdC/a.out"

Compiling the CXX compiler identification source file "CMakeCXXCompilerId.cpp" succeeded.
Compiler: /usr/bin/c++ 
Build flags: 
Id flags: 

The output was:
0


Compilation of the CXX compiler identification source "CMakeCXXCompilerId.cpp" produced "a.out"

The CXX compiler identification is GNU, found in "/home/panghao/redis/consumer/build/CMakeFiles/2.8.12.2/CompilerIdCXX/a.out"

Determining if the C compiler works passed with the following output:
Change Dir: /home/panghao/redis/consumer/build/CMakeFiles/CMakeTmp

Run Build Command:/usr/bin/gmake "cmTryCompileExec981940528/fast"
/usr/bin/gmake -f CMakeFiles/cmTryCompileExec981940528.dir/build.make CMakeFiles/cmTryCompileExec981940528.dir/build
gmake[1]: Entering directory `/home/panghao/redis/consumer/build/CMakeFiles/CMakeTmp'
/usr/bin/cmake -E cmake_progress_report /home/panghao/redis/consumer/build/CMakeFiles/CMakeTmp/CMakeFiles 1
Building C object CMakeFiles/cmTryCompileExec981940528.dir/testCCompiler.c.o
/usr/bin/cc    -o CMakeFiles/cmTryCompileExec981940528.dir/testCCompiler.c.o   -c /home/panghao/redis/consumer/build/CMakeFiles/CMakeTmp/testCCompiler.c
Linking C executable cmTryCompileExec981940528
/usr/bin/cmake -E cmake_link_script CMakeFiles/cmTryCompileExec981940528.dir/link.txt --verbose=1
/usr/bin/cc       CMakeFiles/cmTryCompileExec981940528.dir/testCCompiler.c.o  -o cmTryCompileExec981940528 -rdynamic 
gmake[1]: Leaving directory `/home/panghao/redis/consumer/build/CMakeFiles/CMakeTmp'


Detecting C compiler ABI info compiled with the following output:
Change Dir: /home/panghao/redis/consumer/build/CMakeFiles/CMakeTmp

Run Build Command:/usr/bin/gmake "cmTryCompileExec2192088954/fast"
/usr/bin/gmake -f CMakeFiles/cmTryCompileExec2192088954.dir/build.make CMakeFiles/cmTryCompileExec2192088954.dir/build
gmake[1]: Entering directory `/home/panghao/redis/consumer/build/CMakeFiles/CMakeTmp'
/usr/bin/cmake -E cmake_progress_report /home/panghao/redis/consumer/build/CMakeFiles/CMakeTmp/CMakeFiles 1
Building C object CMakeFiles/cmTryCompileExec2192088954.dir/CMakeCCompilerABI.c.o
/usr/bin/cc    -o CMakeFiles/cmTryCompileExec2192088954.dir/CMakeCCompilerABI.c.o   -c /usr/share/cmake/Modules/CMakeCCompilerABI.c
Linking C executable cmTryCompileExec2192088954
/usr/bin/cmake -E cmake_link_script CMakeFiles/cmTryCompileExec2192088954.dir/link.txt --verbose=1
/usr/bin/cc     -v CMakeFiles/cmTryCompileExec2192088954.dir/CMakeCCompilerABI.c.o  -o cmTryCompileExec2192088954 -rdynamic  
Using built-in specs.
COLLECT_GCC=/usr/bin/cc
COLLECT_LTO_WRAPPER=/usr/local/gcc/libexec/gcc/x86_64-unknown-linux-gnu/4.9.2/lto-wrapper
Target: x86_64-unknown-linux-gnu
Configured with: ./configure --prefix=/usr/local/gcc --enable-bootstrap --enable-checking=release --enable-languages=c,c++ --disable-multilib
Thread model: posix
gcc version 4.9.2 (GCC) 
COMPILER_PATH=/usr/local/gcc/libexec/gcc/x86_64-unknown-linux-gnu/4.9.2/:/usr/local/gcc/libexec/gcc/x86_64-unknown-linux-gnu/4.9.2/:/usr/local/gcc/libexec/gcc/x86_64-unknown-linux-gnu/:/usr/local/gcc/lib/gcc/x86_64-unknown-linux-gnu/4.9.2/:/usr/local/gcc/lib/gcc/x86_64-unknown-linux-gnu/
LIBRARY_PATH=/usr/local/gcc/lib/gcc/x86_64-unknown-linux-gnu/4.9.2/:/usr/local/gcc/lib/gcc/x86_64-unknown-linux-gnu/4.9.2/../../../../lib64/:/lib/../lib64/:/usr/lib/../lib64/:/usr/local/gcc/lib/gcc/x86_64-unknown-linux-gnu/4.9.2/../../../:/lib/:/usr/lib/
COLLECT_GCC_OPTIONS='-v' '-o' 'cmTryCompileExec2192088954' '-rdynamic' '-mtune=generic' '-march=x86-64'
 /usr/local/gcc/libexec/gcc/x86_64-unknown-linux-gnu/4.9.2/collect2 --eh-frame-hdr -m elf_x86_64 -export-dynamic -dynamic-linker /lib64/ld-linux-x86-64.so.2 -o cmTryCompileExec2192088954 /usr/lib/../lib64/crt1.o /usr/lib/../lib64/crti.o /usr/local/gcc/lib/gcc/x86_64-unknown-linux-gnu/4.9.2/crtbegin.o -L/usr/local/gcc/lib/gcc/x86_64-unknown-linux-gnu/4.9.2 -L/usr/local/gcc/lib/gcc/x86_64-unknown-linux-gnu/4.9.2/../../../../lib64 -L/lib/../lib64 -L/usr/lib/../lib64 -L/usr/local/gcc/lib/gcc/x86_64-unknown-linux-gnu/4.9.2/../../.. CMakeFiles/cmTryCompileExec2192088954.dir/CMakeCCompilerABI.c.o -lgcc --as-needed -lgcc_s --no-as-needed -lc -lgcc --as-needed -lgcc_s --no-as-needed /usr/local/gcc/lib/gcc/x86_64-unknown-linux-gnu/4.9.2/crtend.o /usr/lib/../lib64/crtn.o
gmake[1]: Leaving directory `/home/panghao/redis/consumer/build/CMakeFiles/CMakeTmp'


Parsed C implicit link information from above output:
  link line regex: [^( *|.*[/\])(ld|([^/\]+-)?ld|collect2)[^/\]*( |$)]
  ignore line: [Change Dir: /home/panghao/redis/consumer/build/CMakeFiles/CMakeTmp]
  ignore line: []
  ignore line: [Run Build Command:/usr/bin/gmake "cmTryCompileExec2192088954/fast"]
  ignore line: [/usr/bin/gmake -f CMakeFiles/cmTryCompileExec2192088954.dir/build.make CMakeFiles/cmTryCompileExec2192088954.dir/build]
  ignore line: [gmake[1]: Entering directory `/home/panghao/redis/consumer/build/CMakeFiles/CMakeTmp']
  ignore line: [/usr/bin/cmake -E cmake_progress_report /home/panghao/redis/consumer/build/CMakeFiles/CMakeTmp/CMakeFiles 1]
  ignore line: [Building C object CMakeFiles/cmTryCompileExec2192088954.dir/CMakeCCompilerABI.c.o]
  ignore line: [/usr/bin/cc    -o CMakeFiles/cmTryCompileExec2192088954.dir/CMakeCCompilerABI.c.o   -c /usr/share/cmake/Modules/CMakeCCompilerABI.c]
  ignore line: [Linking C executable cmTryCompileExec2192088954]
  ignore line: [/usr/bin/cmake -E cmake_link_script CMakeFiles/cmTryCompileExec2192088954.dir/link.txt --verbose=1]
  ignore line: [/usr/bin/cc     -v CMakeFiles/cmTryCompileExec2192088954.dir/CMakeCCompilerABI.c.o  -o cmTryCompileExec2192088954 -rdynamic  ]
  ignore line: [Using built-in specs.]
  ignore line: [COLLECT_GCC=/usr/bin/cc]
  ignore line: [COLLECT_LTO_WRAPPER=/usr/local/gcc/libexec/gcc/x86_64-unknown-linux-gnu/4.9.2/lto-wrapper]
  ignore line: [Target: x86_64-unknown-linux-gnu]
  ignore line: [Configured with: ./configure --prefix=/usr/local/gcc --enable-bootstrap --enable-checking=release --enable-languages=c,c++ --disable-multilib]
  ignore line: [Thread model: posix]
  ignore line: [gcc version 4.9.2 (GCC) ]
  ignore line: [COMPILER_PATH=/usr/local/gcc/libexec/gcc/x86_64-unknown-linux-gnu/4.9.2/:/usr/local/gcc/libexec/gcc/x86_64-unknown-linux-gnu/4.9.2/:/usr/local/gcc/libexec/gcc/x86_64-unknown-linux-gnu/:/usr/local/gcc/lib/gcc/x86_64-unknown-linux-gnu/4.9.2/:/usr/local/gcc/lib/gcc/x86_64-unknown-linux-gnu/]
  ignore line: [LIBRARY_PATH=/usr/local/gcc/lib/gcc/x86_64-unknown-linux-gnu/4.9.2/:/usr/local/gcc/lib/gcc/x86_64-unknown-linux-gnu/4.9.2/../../../../lib64/:/lib/../lib64/:/usr/lib/../lib64/:/usr/local/gcc/lib/gcc/x86_64-unknown-linux-gnu/4.9.2/../../../:/lib/:/usr/lib/]
  ignore line: [COLLECT_GCC_OPTIONS='-v' '-o' 'cmTryCompileExec2192088954' '-rdynamic' '-mtune=generic' '-march=x86-64']
  link line: [ /usr/local/gcc/libexec/gcc/x86_64-unknown-linux-gnu/4.9.2/collect2 --eh-frame-hdr -m elf_x86_64 -export-dynamic -dynamic-linker /lib64/ld-linux-x86-64.so.2 -o cmTryCompileExec2192088954 /usr/lib/../lib64/crt1.o /usr/lib/../lib64/crti.o /usr/local/gcc/lib/gcc/x86_64-unknown-linux-gnu/4.9.2/crtbegin.o -L/usr/local/gcc/lib/gcc/x86_64-unknown-linux-gnu/4.9.2 -L/usr/local/gcc/lib/gcc/x86_64-unknown-linux-gnu/4.9.2/../../../../lib64 -L/lib/../lib64 -L/usr/lib/../lib64 -L/usr/local/gcc/lib/gcc/x86_64-unknown-linux-gnu/4.9.2/../../.. CMakeFiles/cmTryCompileExec2192088954.dir/CMakeCCompilerABI.c.o -lgcc --as-needed -lgcc_s --no-as-needed -lc -lgcc --as-needed -lgcc_s --no-as-needed /usr/local/gcc/lib/gcc/x86_64-unknown-linux-gnu/4.9.2/crtend.o /usr/lib/../lib64/crtn.o]
    arg [/usr/local/gcc/libexec/gcc/x86_64-unknown-linux-gnu/4.9.2/collect2] ==> ignore
    arg [--eh-frame-hdr] ==> ignore
    arg [-m] ==> ignore
    arg [elf_x86_64] ==> ignore
    arg [-export-dynamic] ==> ignore
    arg [-dynamic-linker] ==> ignore
    arg [/lib64/ld-linux-x86-64.so.2] ==> ignore
    arg [-o] ==> ignore
    arg [cmTryCompileExec2192088954] ==> ignore
    arg [/usr/lib/../lib64/crt1.o] ==> ignore
    arg [/usr/lib/../lib64/crti.o] ==> ignore
    arg [/usr/local/gcc/lib/gcc/x86_64-unknown-linux-gnu/4.9.2/crtbegin.o] ==> ignore
    arg [-L/usr/local/gcc/lib/gcc/x86_64-unknown-linux-gnu/4.9.2] ==> dir [/usr/local/gcc/lib/gcc/x86_64-unknown-linux-gnu/4.9.2]
    arg [-L/usr/local/gcc/lib/gcc/x86_64-unknown-linux-gnu/4.9.2/../../../../lib64] ==> dir [/usr/local/gcc/lib/gcc/x86_64-unknown-linux-gnu/4.9.2/../../../../lib64]
    arg [-L/lib/../lib64] ==> dir [/lib/../lib64]
    arg [-L/usr/lib/../lib64] ==> dir [/usr/lib/../lib64]
    arg [-L/usr/local/gcc/lib/gcc/x86_64-unknown-linux-gnu/4.9.2/../../..] ==> dir [/usr/local/gcc/lib/gcc/x86_64-unknown-linux-gnu/4.9.2/../../..]
    arg [CMakeFiles/cmTryCompileExec2192088954.dir/CMakeCCompilerABI.c.o] ==> ignore
    arg [-lgcc] ==> lib [gcc]
    arg [--as-needed] ==> ignore
    arg [-lgcc_s] ==> lib [gcc_s]
    arg [--no-as-needed] ==> ignore
    arg [-lc] ==> lib [c]
    arg [-lgcc] ==> lib [gcc]
    arg [--as-needed] ==> ignore
    arg [-lgcc_s] ==> lib [gcc_s]
    arg [--no-as-needed] ==> ignore
    arg [/usr/local/gcc/lib/gcc/x86_64-unknown-linux-gnu/4.9.2/crtend.o] ==> ignore
    arg [/usr/lib/../lib64/crtn.o] ==> ignore
  remove lib [gcc]
  remove lib [gcc_s]
  remove lib [gcc]
  remove lib [gcc_s]
  collapse library dir [/usr/local/gcc/lib/gcc/x86_64-unknown-linux-gnu/4.9.2] ==> [/usr/local/gcc/lib/gcc/x86_64-unknown-linux-gnu/4.9.2]
  collapse library dir [/usr/local/gcc/lib/gcc/x86_64-unknown-linux-gnu/4.9.2/../../../../lib64] ==> [/usr/local/gcc/lib64]
  collapse library dir [/lib/../lib64] ==> [/lib64]
  collapse library dir [/usr/lib/../lib64] ==> [/usr/lib64]
  collapse library dir [/usr/local/gcc/lib/gcc/x86_64-unknown-linux-gnu/4.9.2/../../..] ==> [/usr/local/gcc/lib]
  implicit libs: [c]
  implicit dirs: [/usr/local/gcc/lib/gcc/x86_64-unknown-linux-gnu/4.9.2;/usr/local/gcc/lib64;/lib64;/usr/lib64;/usr/local/gcc/lib]
  implicit fwks: []


Determining if the CXX compiler works passed with the following output:
Change Dir: /home/panghao/redis/consumer/build/CMakeFiles/CMakeTmp

Run Build Command:/usr/bin/gmake "cmTryCompileExec775974731/fast"
/usr/bin/gmake -f CMakeFiles/cmTryCompileExec775974731.dir/build.make CMakeFiles/cmTryCompileExec775974731.dir/build
gmake[1]: Entering directory `/home/panghao/redis/consumer/build/CMakeFiles/CMakeTmp'
/usr/bin/cmake -E cmake_progress_report /home/panghao/redis/consumer/build/CMakeFiles/CMakeTmp/CMakeFiles 1
Building CXX object CMakeFiles/cmTryCompileExec775974731.dir/testCXXCompiler.cxx.o
/usr/bin/c++     -o CMakeFiles/cmTryCompileExec775974731.dir/testCXXCompiler.cxx.o -c /home/panghao/redis/consumer/build/CMakeFiles/CMakeTmp/testCXXCompiler.cxx
Linking CXX executable cmTryCompileExec775974731
/usr/bin/cmake -E cmake_link_script CMakeFiles/cmTryCompileExec775974731.dir/link.txt --verbose=1
/usr/bin/c++        CMakeFiles/cmTryCompileExec775974731.dir/testCXXCompiler.cxx.o  -o cmTryCompileExec775974731 -rdynamic 
gmake[1]: Leaving directory `/home/panghao/redis/consumer/build/CMakeFiles/CMakeTmp'


Detecting CXX compiler ABI info compiled with the following output:
Change Dir: /home/panghao/redis/consumer/build/CMakeFiles/CMakeTmp

Run Build Command:/usr/bin/gmake "cmTryCompileExec201563936/fast"
/usr/bin/gmake -f CMakeFiles/cmTryCompileExec201563936.dir/build.make CMakeFiles/cmTryCompileExec201563936.dir/build
gmake[1]: Entering directory `/home/panghao/redis/consumer/build/CMakeFiles/CMakeTmp'
/usr/bin/cmake -E cmake_progress_report /home/panghao/redis/consumer/build/CMakeFiles/CMakeTmp/CMakeFiles 1
Building CXX object CMakeFiles/cmTryCompileExec201563936.dir/CMakeCXXCompilerABI.cpp.o
/usr/bin/c++     -o CMakeFiles/cmTryCompileExec201563936.dir/CMakeCXXCompilerABI.cpp.o -c /usr/share/cmake/Modules/CMakeCXXCompilerABI.cpp
Linking CXX executable cmTryCompileExec201563936
/usr/bin/cmake -E cmake_link_script CMakeFiles/cmTryCompileExec201563936.dir/link.txt --verbose=1
/usr/bin/c++      -v CMakeFiles/cmTryCompileExec201563936.dir/CMakeCXXCompilerABI.cpp.o  -o cmTryCompileExec201563936 -rdynamic  
Using built-in specs.
COLLECT_GCC=/usr/bin/c++
COLLECT_LTO_WRAPPER=/usr/local/gcc/libexec/gcc/x86_64-unknown-linux-gnu/4.9.2/lto-wrapper
Target: x86_64-unknown-linux-gnu
Configured with: ./configure --prefix=/usr/local/gcc --enable-bootstrap --enable-checking=release --enable-languages=c,c++ --disable-multilib
Thread model: posix
gcc version 4.9.2 (GCC) 
COMPILER_PATH=/usr/local/gcc/libexec/gcc/x86_64-unknown-linux-gnu/4.9.2/:/usr/local/gcc/libexec/gcc/x86_64-unknown-linux-gnu/4.9.2/:/usr/local/gcc/libexec/gcc/x86_64-unknown-linux-gnu/:/usr/local/gcc/lib/gcc/x86_64-unknown-linux-gnu/4.9.2/:/usr/local/gcc/lib/gcc/x86_64-unknown-linux-gnu/
LIBRARY_PATH=/usr/local/gcc/lib/gcc/x86_64-unknown-linux-gnu/4.9.2/:/usr/local/gcc/lib/gcc/x86_64-unknown-linux-gnu/4.9.2/../../../../lib64/:/lib/../lib64/:/usr/lib/../lib64/:/usr/local/gcc/lib/gcc/x86_64-unknown-linux-gnu/4.9.2/../../../:/lib/:/usr/lib/
COLLECT_GCC_OPTIONS='-v' '-o' 'cmTryCompileExec201563936' '-rdynamic' '-shared-libgcc' '-mtune=generic' '-march=x86-64'
 /usr/local/gcc/libexec/gcc/x86_64-unknown-linux-gnu/4.9.2/collect2 --eh-frame-hdr -m elf_x86_64 -export-dynamic -dynamic-linker /lib64/ld-linux-x86-64.so.2 -o cmTryCompileExec201563936 /usr/lib/../lib64/crt1.o /usr/lib/../lib64/crti.o /usr/local/gcc/lib/gcc/x86_64-unknown-linux-gnu/4.9.2/crtbegin.o -L/usr/local/gcc/lib/gcc/x86_64-unknown-linux-gnu/4.9.2 -L/usr/local/gcc/lib/gcc/x86_64-unknown-linux-gnu/4.9.2/../../../../lib64 -L/lib/../lib64 -L/usr/lib/../lib64 -L/usr/local/gcc/lib/gcc/x86_64-unknown-linux-gnu/4.9.2/../../.. CMakeFiles/cmTryCompileExec201563936.dir/CMakeCXXCompilerABI.cpp.o -lstdc++ -lm -lgcc_s -lgcc -lc -lgcc_s -lgcc /usr/local/gcc/lib/gcc/x86_64-unknown-linux-gnu/4.9.2/crtend.o /usr/lib/../lib64/crtn.o
gmake[1]: Leaving directory `/home/panghao/redis/consumer/build/CMakeFiles/CMakeTmp'


Parsed CXX implicit link information from above output:
  link line regex: [^( *|.*[/\])(ld|([^/\]+-)?ld|collect2)[^/\]*( |$)]
  ignore line: [Change Dir: /home/panghao/redis/consumer/build/CMakeFiles/CMakeTmp]
  ignore line: []
  ignore line: [Run Build Command:/usr/bin/gmake "cmTryCompileExec201563936/fast"]
  ignore line: [/usr/bin/gmake -f CMakeFiles/cmTryCompileExec201563936.dir/build.make CMakeFiles/cmTryCompileExec201563936.dir/build]
  ignore line: [gmake[1]: Entering directory `/home/panghao/redis/consumer/build/CMakeFiles/CMakeTmp']
  ignore line: [/usr/bin/cmake -E cmake_progress_report /home/panghao/redis/consumer/build/CMakeFiles/CMakeTmp/CMakeFiles 1]
  ignore line: [Building CXX object CMakeFiles/cmTryCompileExec201563936.dir/CMakeCXXCompilerABI.cpp.o]
  ignore line: [/usr/bin/c++     -o CMakeFiles/cmTryCompileExec201563936.dir/CMakeCXXCompilerABI.cpp.o -c /usr/share/cmake/Modules/CMakeCXXCompilerABI.cpp]
  ignore line: [Linking CXX executable cmTryCompileExec201563936]
  ignore line: [/usr/bin/cmake -E cmake_link_script CMakeFiles/cmTryCompileExec201563936.dir/link.txt --verbose=1]
  ignore line: [/usr/bin/c++      -v CMakeFiles/cmTryCompileExec201563936.dir/CMakeCXXCompilerABI.cpp.o  -o cmTryCompileExec201563936 -rdynamic  ]
  ignore line: [Using built-in specs.]
  ignore line: [COLLECT_GCC=/usr/bin/c++]
  ignore line: [COLLECT_LTO_WRAPPER=/usr/local/gcc/libexec/gcc/x86_64-unknown-linux-gnu/4.9.2/lto-wrapper]
  ignore line: [Target: x86_64-unknown-linux-gnu]
  ignore line: [Configured with: ./configure --prefix=/usr/local/gcc --enable-bootstrap --enable-checking=release --enable-languages=c,c++ --disable-multilib]
  ignore line: [Thread model: posix]
  ignore line: [gcc version 4.9.2 (GCC) ]
  ignore line: [COMPILER_PATH=/usr/local/gcc/libexec/gcc/x86_64-unknown-linux-gnu/4.9.2/:/usr/local/gcc/libexec/gcc/x86_64-unknown-linux-gnu/4.9.2/:/usr/local/gcc/libexec/gcc/x86_64-unknown-linux-gnu/:/usr/local/gcc/lib/gcc/x86_64-unknown-linux-gnu/4.9.2/:/usr/local/gcc/lib/gcc/x86_64-unknown-linux-gnu/]
  ignore line: [LIBRARY_PATH=/usr/local/gcc/lib/gcc/x86_64-unknown-linux-gnu/4.9.2/:/usr/local/gcc/lib/gcc/x86_64-unknown-linux-gnu/4.9.2/../../../../lib64/:/lib/../lib64/:/usr/lib/../lib64/:/usr/local/gcc/lib/gcc/x86_64-unknown-linux-gnu/4.9.2/../../../:/lib/:/usr/lib/]
  ignore line: [COLLECT_GCC_OPTIONS='-v' '-o' 'cmTryCompileExec201563936' '-rdynamic' '-shared-libgcc' '-mtune=generic' '-march=x86-64']
  link line: [ /usr/local/gcc/libexec/gcc/x86_64-unknown-linux-gnu/4.9.2/collect2 --eh-frame-hdr -m elf_x86_64 -export-dynamic -dynamic-linker /lib64/ld-linux-x86-64.so.2 -o cmTryCompileExec201563936 /usr/lib/../lib64/crt1.o /usr/lib/../lib64/crti.o /usr/local/gcc/lib/gcc/x86_64-unknown-linux-gnu/4.9.2/crtbegin.o -L/usr/local/gcc/lib/gcc/x86_64-unknown-linux-gnu/4.9.2 -L/usr/local/gcc/lib/gcc/x86_64-unknown-linux-gnu/4.9.2/../../../../lib64 -L/lib/../lib64 -L/usr/lib/../lib64 -L/usr/local/gcc/lib/gcc/x86_64-unknown-linux-gnu/4.9.2/../../.. CMakeFiles/cmTryCompileExec201563936.dir/CMakeCXXCompilerABI.cpp.o -lstdc++ -lm -lgcc_s -lgcc -lc -lgcc_s -lgcc /usr/local/gcc/lib/gcc/x86_64-unknown-linux-gnu/4.9.2/crtend.o /usr/lib/../lib64/crtn.o]
    arg [/usr/local/gcc/libexec/gcc/x86_64-unknown-linux-gnu/4.9.2/collect2] ==> ignore
    arg [--eh-frame-hdr] ==> ignore
    arg [-m] ==> ignore
    arg [elf_x86_64] ==> ignore
    arg [-export-dynamic] ==> ignore
    arg [-dynamic-linker] ==> ignore
    arg [/lib64/ld-linux-x86-64.so.2] ==> ignore
    arg [-o] ==> ignore
    arg [cmTryCompileExec201563936] ==> ignore
    arg [/usr/lib/../lib64/crt1.o] ==> ignore
    arg [/usr/lib/../lib64/crti.o] ==> ignore
    arg [/usr/local/gcc/lib/gcc/x86_64-unknown-linux-gnu/4.9.2/crtbegin.o] ==> ignore
    arg [-L/usr/local/gcc/lib/gcc/x86_64-unknown-linux-gnu/4.9.2] ==> dir [/usr/local/gcc/lib/gcc/x86_64-unknown-linux-gnu/4.9.2]
    arg [-L/usr/local/gcc/lib/gcc/x86_64-unknown-linux-gnu/4.9.2/../../../../lib64] ==> dir [/usr/local/gcc/lib/gcc/x86_64-unknown-linux-gnu/4.9.2/../../../../lib64]
    arg [-L/lib/../lib64] ==> dir [/lib/../lib64]
    arg [-L/usr/lib/../lib64] ==> dir [/usr/lib/../lib64]
    arg [-L/usr/local/gcc/lib/gcc/x86_64-unknown-linux-gnu/4.9.2/../../..] ==> dir [/usr/local/gcc/lib/gcc/x86_64-unknown-linux-gnu/4.9.2/../../..]
    arg [CMakeFiles/cmTryCompileExec201563936.dir/CMakeCXXCompilerABI.cpp.o] ==> ignore
    arg [-lstdc++] ==> lib [stdc++]
    arg [-lm] ==> lib [m]
    arg [-lgcc_s] ==> lib [gcc_s]
    arg [-lgcc] ==> lib [gcc]
    arg [-lc] ==> lib [c]
    arg [-lgcc_s] ==> lib [gcc_s]
    arg [-lgcc] ==> lib [gcc]
    arg [/usr/local/gcc/lib/gcc/x86_64-unknown-linux-gnu/4.9.2/crtend.o] ==> ignore
    arg [/usr/lib/../lib64/crtn.o] ==> ignore
  remove lib [gcc_s]
  remove lib [gcc]
  remove lib [gcc_s]
  remove lib [gcc]
  collapse library dir [/usr/local/gcc/lib/gcc/x86_64-unknown-linux-gnu/4.9.2] ==> [/usr/local/gcc/lib/gcc/x86_64-unknown-linux-gnu/4.9.2]
  collapse library dir [/usr/local/gcc/lib/gcc/x86_64-unknown-linux-gnu/4.9.2/../../../../lib64] ==> [/usr/local/gcc/lib64]
  collapse library dir [/lib/../lib64] ==> [/lib64]
  collapse library dir [/usr/lib/../lib64] ==> [/usr/lib64]
  collapse library dir [/usr/local/gcc/lib/gcc/x86_64-unknown-linux-gnu/4.9.2/../../..] ==> [/usr/local/gcc/lib]
  implicit libs: [stdc++;m;c]
  implicit dirs: [/usr/local/gcc/lib/gcc/x86_64-unknown-linux-gnu/4.9.2;/usr/local/gcc/lib64;/lib64;/usr/lib64;/usr/local/gcc/lib]
  implicit fwks: []


